c:\users\figueral\documents\swmm-temp\packeteawag\packeteawag\source5_1_014\swmm51014_engine_1\swmm51014_engine_1\source5_1_014\source5_1_014\vs2017-dll\release\vc142.pdb
c:\users\figueral\documents\swmm-temp\packeteawag\packeteawag\source5_1_014\swmm51014_engine_1\swmm51014_engine_1\source5_1_014\source5_1_014\vs2017-dll\release\input.nativecodeanalysis.sarif
c:\users\figueral\documents\swmm-temp\packeteawag\packeteawag\source5_1_014\swmm51014_engine_1\swmm51014_engine_1\source5_1_014\source5_1_014\vs2017-dll\release\input.nativecodeanalysis.xml
c:\users\figueral\documents\swmm-temp\packeteawag\packeteawag\source5_1_014\swmm51014_engine_1\swmm51014_engine_1\source5_1_014\source5_1_014\vs2017-dll\release\inflow.nativecodeanalysis.sarif
c:\users\figueral\documents\swmm-temp\packeteawag\packeteawag\source5_1_014\swmm51014_engine_1\swmm51014_engine_1\source5_1_014\source5_1_014\vs2017-dll\release\inflow.nativecodeanalysis.xml
c:\users\figueral\documents\swmm-temp\packeteawag\packeteawag\source5_1_014\swmm51014_engine_1\swmm51014_engine_1\source5_1_014\source5_1_014\vs2017-dll\release\infil.nativecodeanalysis.sarif
c:\users\figueral\documents\swmm-temp\packeteawag\packeteawag\source5_1_014\swmm51014_engine_1\swmm51014_engine_1\source5_1_014\source5_1_014\vs2017-dll\release\infil.nativecodeanalysis.xml
c:\users\figueral\documents\swmm-temp\packeteawag\packeteawag\source5_1_014\swmm51014_engine_1\swmm51014_engine_1\source5_1_014\source5_1_014\vs2017-dll\release\iface.nativecodeanalysis.sarif
c:\users\figueral\documents\swmm-temp\packeteawag\packeteawag\source5_1_014\swmm51014_engine_1\swmm51014_engine_1\source5_1_014\source5_1_014\vs2017-dll\release\iface.nativecodeanalysis.xml
c:\users\figueral\documents\swmm-temp\packeteawag\packeteawag\source5_1_014\swmm51014_engine_1\swmm51014_engine_1\source5_1_014\source5_1_014\vs2017-dll\release\hotstart.nativecodeanalysis.sarif
c:\users\figueral\documents\swmm-temp\packeteawag\packeteawag\source5_1_014\swmm51014_engine_1\swmm51014_engine_1\source5_1_014\source5_1_014\vs2017-dll\release\hotstart.nativecodeanalysis.xml
c:\users\figueral\documents\swmm-temp\packeteawag\packeteawag\source5_1_014\swmm51014_engine_1\swmm51014_engine_1\source5_1_014\source5_1_014\vs2017-dll\release\hash.nativecodeanalysis.sarif
c:\users\figueral\documents\swmm-temp\packeteawag\packeteawag\source5_1_014\swmm51014_engine_1\swmm51014_engine_1\source5_1_014\source5_1_014\vs2017-dll\release\hash.nativecodeanalysis.xml
c:\users\figueral\documents\swmm-temp\packeteawag\packeteawag\source5_1_014\swmm51014_engine_1\swmm51014_engine_1\source5_1_014\source5_1_014\vs2017-dll\release\gwater.nativecodeanalysis.sarif
c:\users\figueral\documents\swmm-temp\packeteawag\packeteawag\source5_1_014\swmm51014_engine_1\swmm51014_engine_1\source5_1_014\source5_1_014\vs2017-dll\release\gwater.nativecodeanalysis.xml
c:\users\figueral\documents\swmm-temp\packeteawag\packeteawag\source5_1_014\swmm51014_engine_1\swmm51014_engine_1\source5_1_014\source5_1_014\vs2017-dll\release\gage.nativecodeanalysis.sarif
c:\users\figueral\documents\swmm-temp\packeteawag\packeteawag\source5_1_014\swmm51014_engine_1\swmm51014_engine_1\source5_1_014\source5_1_014\vs2017-dll\release\gage.nativecodeanalysis.xml
c:\users\figueral\documents\swmm-temp\packeteawag\packeteawag\source5_1_014\swmm51014_engine_1\swmm51014_engine_1\source5_1_014\source5_1_014\vs2017-dll\release\forcmain.nativecodeanalysis.sarif
c:\users\figueral\documents\swmm-temp\packeteawag\packeteawag\source5_1_014\swmm51014_engine_1\swmm51014_engine_1\source5_1_014\source5_1_014\vs2017-dll\release\forcmain.nativecodeanalysis.xml
c:\users\figueral\documents\swmm-temp\packeteawag\packeteawag\source5_1_014\swmm51014_engine_1\swmm51014_engine_1\source5_1_014\source5_1_014\vs2017-dll\release\flowrout.nativecodeanalysis.sarif
c:\users\figueral\documents\swmm-temp\packeteawag\packeteawag\source5_1_014\swmm51014_engine_1\swmm51014_engine_1\source5_1_014\source5_1_014\vs2017-dll\release\flowrout.nativecodeanalysis.xml
c:\users\figueral\documents\swmm-temp\packeteawag\packeteawag\source5_1_014\swmm51014_engine_1\swmm51014_engine_1\source5_1_014\source5_1_014\vs2017-dll\release\findroot.nativecodeanalysis.sarif
c:\users\figueral\documents\swmm-temp\packeteawag\packeteawag\source5_1_014\swmm51014_engine_1\swmm51014_engine_1\source5_1_014\source5_1_014\vs2017-dll\release\findroot.nativecodeanalysis.xml
c:\users\figueral\documents\swmm-temp\packeteawag\packeteawag\source5_1_014\swmm51014_engine_1\swmm51014_engine_1\source5_1_014\source5_1_014\vs2017-dll\release\exfil.nativecodeanalysis.sarif
c:\users\figueral\documents\swmm-temp\packeteawag\packeteawag\source5_1_014\swmm51014_engine_1\swmm51014_engine_1\source5_1_014\source5_1_014\vs2017-dll\release\exfil.nativecodeanalysis.xml
c:\users\figueral\documents\swmm-temp\packeteawag\packeteawag\source5_1_014\swmm51014_engine_1\swmm51014_engine_1\source5_1_014\source5_1_014\vs2017-dll\release\error.nativecodeanalysis.sarif
c:\users\figueral\documents\swmm-temp\packeteawag\packeteawag\source5_1_014\swmm51014_engine_1\swmm51014_engine_1\source5_1_014\source5_1_014\vs2017-dll\release\error.nativecodeanalysis.xml
c:\users\figueral\documents\swmm-temp\packeteawag\packeteawag\source5_1_014\swmm51014_engine_1\swmm51014_engine_1\source5_1_014\source5_1_014\vs2017-dll\release\dynwave.nativecodeanalysis.sarif
c:\users\figueral\documents\swmm-temp\packeteawag\packeteawag\source5_1_014\swmm51014_engine_1\swmm51014_engine_1\source5_1_014\source5_1_014\vs2017-dll\release\dynwave.nativecodeanalysis.xml
c:\users\figueral\documents\swmm-temp\packeteawag\packeteawag\source5_1_014\swmm51014_engine_1\swmm51014_engine_1\source5_1_014\source5_1_014\vs2017-dll\release\dwflow.nativecodeanalysis.sarif
c:\users\figueral\documents\swmm-temp\packeteawag\packeteawag\source5_1_014\swmm51014_engine_1\swmm51014_engine_1\source5_1_014\source5_1_014\vs2017-dll\release\dwflow.nativecodeanalysis.xml
c:\users\figueral\documents\swmm-temp\packeteawag\packeteawag\source5_1_014\swmm51014_engine_1\swmm51014_engine_1\source5_1_014\source5_1_014\vs2017-dll\release\datetime.nativecodeanalysis.sarif
c:\users\figueral\documents\swmm-temp\packeteawag\packeteawag\source5_1_014\swmm51014_engine_1\swmm51014_engine_1\source5_1_014\source5_1_014\vs2017-dll\release\datetime.nativecodeanalysis.xml
c:\users\figueral\documents\swmm-temp\packeteawag\packeteawag\source5_1_014\swmm51014_engine_1\swmm51014_engine_1\source5_1_014\source5_1_014\vs2017-dll\release\culvert.nativecodeanalysis.sarif
c:\users\figueral\documents\swmm-temp\packeteawag\packeteawag\source5_1_014\swmm51014_engine_1\swmm51014_engine_1\source5_1_014\source5_1_014\vs2017-dll\release\culvert.nativecodeanalysis.xml
c:\users\figueral\documents\swmm-temp\packeteawag\packeteawag\source5_1_014\swmm51014_engine_1\swmm51014_engine_1\source5_1_014\source5_1_014\vs2017-dll\release\controls.nativecodeanalysis.sarif
c:\users\figueral\documents\swmm-temp\packeteawag\packeteawag\source5_1_014\swmm51014_engine_1\swmm51014_engine_1\source5_1_014\source5_1_014\vs2017-dll\release\controls.nativecodeanalysis.xml
c:\users\figueral\documents\swmm-temp\packeteawag\packeteawag\source5_1_014\swmm51014_engine_1\swmm51014_engine_1\source5_1_014\source5_1_014\vs2017-dll\release\climate.nativecodeanalysis.sarif
c:\users\figueral\documents\swmm-temp\packeteawag\packeteawag\source5_1_014\swmm51014_engine_1\swmm51014_engine_1\source5_1_014\source5_1_014\vs2017-dll\release\climate.nativecodeanalysis.xml
c:\users\figueral\documents\swmm-temp\packeteawag\packeteawag\source5_1_014\swmm51014_engine_1\swmm51014_engine_1\source5_1_014\source5_1_014\vs2017-dll\release\asciioutput.nativecodeanalysis.sarif
c:\users\figueral\documents\swmm-temp\packeteawag\packeteawag\source5_1_014\swmm51014_engine_1\swmm51014_engine_1\source5_1_014\source5_1_014\vs2017-dll\release\asciioutput.nativecodeanalysis.xml
c:\users\figueral\documents\swmm-temp\packeteawag\packeteawag\source5_1_014\swmm51014_engine_1\swmm51014_engine_1\source5_1_014\source5_1_014\vs2017-dll\release\asciioutput.obj
c:\users\figueral\documents\swmm-temp\packeteawag\packeteawag\source5_1_014\swmm51014_engine_1\swmm51014_engine_1\source5_1_014\source5_1_014\vs2017-dll\release\climate.obj
c:\users\figueral\documents\swmm-temp\packeteawag\packeteawag\source5_1_014\swmm51014_engine_1\swmm51014_engine_1\source5_1_014\source5_1_014\vs2017-dll\release\controls.obj
c:\users\figueral\documents\swmm-temp\packeteawag\packeteawag\source5_1_014\swmm51014_engine_1\swmm51014_engine_1\source5_1_014\source5_1_014\vs2017-dll\release\culvert.obj
c:\users\figueral\documents\swmm-temp\packeteawag\packeteawag\source5_1_014\swmm51014_engine_1\swmm51014_engine_1\source5_1_014\source5_1_014\vs2017-dll\release\datetime.obj
c:\users\figueral\documents\swmm-temp\packeteawag\packeteawag\source5_1_014\swmm51014_engine_1\swmm51014_engine_1\source5_1_014\source5_1_014\vs2017-dll\release\dwflow.obj
c:\users\figueral\documents\swmm-temp\packeteawag\packeteawag\source5_1_014\swmm51014_engine_1\swmm51014_engine_1\source5_1_014\source5_1_014\vs2017-dll\release\dynwave.obj
c:\users\figueral\documents\swmm-temp\packeteawag\packeteawag\source5_1_014\swmm51014_engine_1\swmm51014_engine_1\source5_1_014\source5_1_014\vs2017-dll\release\error.obj
c:\users\figueral\documents\swmm-temp\packeteawag\packeteawag\source5_1_014\swmm51014_engine_1\swmm51014_engine_1\source5_1_014\source5_1_014\vs2017-dll\release\exfil.obj
c:\users\figueral\documents\swmm-temp\packeteawag\packeteawag\source5_1_014\swmm51014_engine_1\swmm51014_engine_1\source5_1_014\source5_1_014\vs2017-dll\release\findroot.obj
c:\users\figueral\documents\swmm-temp\packeteawag\packeteawag\source5_1_014\swmm51014_engine_1\swmm51014_engine_1\source5_1_014\source5_1_014\vs2017-dll\release\flowrout.obj
c:\users\figueral\documents\swmm-temp\packeteawag\packeteawag\source5_1_014\swmm51014_engine_1\swmm51014_engine_1\source5_1_014\source5_1_014\vs2017-dll\release\forcmain.obj
c:\users\figueral\documents\swmm-temp\packeteawag\packeteawag\source5_1_014\swmm51014_engine_1\swmm51014_engine_1\source5_1_014\source5_1_014\vs2017-dll\release\gage.obj
c:\users\figueral\documents\swmm-temp\packeteawag\packeteawag\source5_1_014\swmm51014_engine_1\swmm51014_engine_1\source5_1_014\source5_1_014\vs2017-dll\release\gwater.obj
c:\users\figueral\documents\swmm-temp\packeteawag\packeteawag\source5_1_014\swmm51014_engine_1\swmm51014_engine_1\source5_1_014\source5_1_014\vs2017-dll\release\hash.obj
c:\users\figueral\documents\swmm-temp\packeteawag\packeteawag\source5_1_014\swmm51014_engine_1\swmm51014_engine_1\source5_1_014\source5_1_014\vs2017-dll\release\hotstart.obj
c:\users\figueral\documents\swmm-temp\packeteawag\packeteawag\source5_1_014\swmm51014_engine_1\swmm51014_engine_1\source5_1_014\source5_1_014\vs2017-dll\release\iface.obj
c:\users\figueral\documents\swmm-temp\packeteawag\packeteawag\source5_1_014\swmm51014_engine_1\swmm51014_engine_1\source5_1_014\source5_1_014\vs2017-dll\release\infil.obj
c:\users\figueral\documents\swmm-temp\packeteawag\packeteawag\source5_1_014\swmm51014_engine_1\swmm51014_engine_1\source5_1_014\source5_1_014\vs2017-dll\release\inflow.obj
c:\users\figueral\documents\swmm-temp\packeteawag\packeteawag\source5_1_014\swmm51014_engine_1\swmm51014_engine_1\source5_1_014\source5_1_014\vs2017-dll\release\input.obj
c:\users\figueral\documents\swmm-temp\packeteawag\packeteawag\source5_1_014\swmm51014_engine_1\swmm51014_engine_1\source5_1_014\source5_1_014\vs2017-dll\release\routing.nativecodeanalysis.sarif
c:\users\figueral\documents\swmm-temp\packeteawag\packeteawag\source5_1_014\swmm51014_engine_1\swmm51014_engine_1\source5_1_014\source5_1_014\vs2017-dll\release\routing.nativecodeanalysis.xml
c:\users\figueral\documents\swmm-temp\packeteawag\packeteawag\source5_1_014\swmm51014_engine_1\swmm51014_engine_1\source5_1_014\source5_1_014\vs2017-dll\release\roadway.nativecodeanalysis.sarif
c:\users\figueral\documents\swmm-temp\packeteawag\packeteawag\source5_1_014\swmm51014_engine_1\swmm51014_engine_1\source5_1_014\source5_1_014\vs2017-dll\release\roadway.nativecodeanalysis.xml
c:\users\figueral\documents\swmm-temp\packeteawag\packeteawag\source5_1_014\swmm51014_engine_1\swmm51014_engine_1\source5_1_014\source5_1_014\vs2017-dll\release\report.nativecodeanalysis.sarif
c:\users\figueral\documents\swmm-temp\packeteawag\packeteawag\source5_1_014\swmm51014_engine_1\swmm51014_engine_1\source5_1_014\source5_1_014\vs2017-dll\release\report.nativecodeanalysis.xml
c:\users\figueral\documents\swmm-temp\packeteawag\packeteawag\source5_1_014\swmm51014_engine_1\swmm51014_engine_1\source5_1_014\source5_1_014\vs2017-dll\release\rdii.nativecodeanalysis.sarif
c:\users\figueral\documents\swmm-temp\packeteawag\packeteawag\source5_1_014\swmm51014_engine_1\swmm51014_engine_1\source5_1_014\source5_1_014\vs2017-dll\release\rdii.nativecodeanalysis.xml
c:\users\figueral\documents\swmm-temp\packeteawag\packeteawag\source5_1_014\swmm51014_engine_1\swmm51014_engine_1\source5_1_014\source5_1_014\vs2017-dll\release\rain.nativecodeanalysis.sarif
c:\users\figueral\documents\swmm-temp\packeteawag\packeteawag\source5_1_014\swmm51014_engine_1\swmm51014_engine_1\source5_1_014\source5_1_014\vs2017-dll\release\rain.nativecodeanalysis.xml
c:\users\figueral\documents\swmm-temp\packeteawag\packeteawag\source5_1_014\swmm51014_engine_1\swmm51014_engine_1\source5_1_014\source5_1_014\vs2017-dll\release\qualrout.nativecodeanalysis.sarif
c:\users\figueral\documents\swmm-temp\packeteawag\packeteawag\source5_1_014\swmm51014_engine_1\swmm51014_engine_1\source5_1_014\source5_1_014\vs2017-dll\release\qualrout.nativecodeanalysis.xml
c:\users\figueral\documents\swmm-temp\packeteawag\packeteawag\source5_1_014\swmm51014_engine_1\swmm51014_engine_1\source5_1_014\source5_1_014\vs2017-dll\release\project.nativecodeanalysis.sarif
c:\users\figueral\documents\swmm-temp\packeteawag\packeteawag\source5_1_014\swmm51014_engine_1\swmm51014_engine_1\source5_1_014\source5_1_014\vs2017-dll\release\project.nativecodeanalysis.xml
c:\users\figueral\documents\swmm-temp\packeteawag\packeteawag\source5_1_014\swmm51014_engine_1\swmm51014_engine_1\source5_1_014\source5_1_014\vs2017-dll\release\output.nativecodeanalysis.sarif
c:\users\figueral\documents\swmm-temp\packeteawag\packeteawag\source5_1_014\swmm51014_engine_1\swmm51014_engine_1\source5_1_014\source5_1_014\vs2017-dll\release\output.nativecodeanalysis.xml
c:\users\figueral\documents\swmm-temp\packeteawag\packeteawag\source5_1_014\swmm51014_engine_1\swmm51014_engine_1\source5_1_014\source5_1_014\vs2017-dll\release\odesolve.nativecodeanalysis.sarif
c:\users\figueral\documents\swmm-temp\packeteawag\packeteawag\source5_1_014\swmm51014_engine_1\swmm51014_engine_1\source5_1_014\source5_1_014\vs2017-dll\release\odesolve.nativecodeanalysis.xml
c:\users\figueral\documents\swmm-temp\packeteawag\packeteawag\source5_1_014\swmm51014_engine_1\swmm51014_engine_1\source5_1_014\source5_1_014\vs2017-dll\release\node.nativecodeanalysis.sarif
c:\users\figueral\documents\swmm-temp\packeteawag\packeteawag\source5_1_014\swmm51014_engine_1\swmm51014_engine_1\source5_1_014\source5_1_014\vs2017-dll\release\node.nativecodeanalysis.xml
c:\users\figueral\documents\swmm-temp\packeteawag\packeteawag\source5_1_014\swmm51014_engine_1\swmm51014_engine_1\source5_1_014\source5_1_014\vs2017-dll\release\mempool.nativecodeanalysis.sarif
c:\users\figueral\documents\swmm-temp\packeteawag\packeteawag\source5_1_014\swmm51014_engine_1\swmm51014_engine_1\source5_1_014\source5_1_014\vs2017-dll\release\mempool.nativecodeanalysis.xml
c:\users\figueral\documents\swmm-temp\packeteawag\packeteawag\source5_1_014\swmm51014_engine_1\swmm51014_engine_1\source5_1_014\source5_1_014\vs2017-dll\release\mathexpr.nativecodeanalysis.sarif
c:\users\figueral\documents\swmm-temp\packeteawag\packeteawag\source5_1_014\swmm51014_engine_1\swmm51014_engine_1\source5_1_014\source5_1_014\vs2017-dll\release\mathexpr.nativecodeanalysis.xml
c:\users\figueral\documents\swmm-temp\packeteawag\packeteawag\source5_1_014\swmm51014_engine_1\swmm51014_engine_1\source5_1_014\source5_1_014\vs2017-dll\release\massbal.nativecodeanalysis.sarif
c:\users\figueral\documents\swmm-temp\packeteawag\packeteawag\source5_1_014\swmm51014_engine_1\swmm51014_engine_1\source5_1_014\source5_1_014\vs2017-dll\release\massbal.nativecodeanalysis.xml
c:\users\figueral\documents\swmm-temp\packeteawag\packeteawag\source5_1_014\swmm51014_engine_1\swmm51014_engine_1\source5_1_014\source5_1_014\vs2017-dll\release\link.nativecodeanalysis.sarif
c:\users\figueral\documents\swmm-temp\packeteawag\packeteawag\source5_1_014\swmm51014_engine_1\swmm51014_engine_1\source5_1_014\source5_1_014\vs2017-dll\release\link.nativecodeanalysis.xml
c:\users\figueral\documents\swmm-temp\packeteawag\packeteawag\source5_1_014\swmm51014_engine_1\swmm51014_engine_1\source5_1_014\source5_1_014\vs2017-dll\release\lidproc.nativecodeanalysis.sarif
c:\users\figueral\documents\swmm-temp\packeteawag\packeteawag\source5_1_014\swmm51014_engine_1\swmm51014_engine_1\source5_1_014\source5_1_014\vs2017-dll\release\lidproc.nativecodeanalysis.xml
c:\users\figueral\documents\swmm-temp\packeteawag\packeteawag\source5_1_014\swmm51014_engine_1\swmm51014_engine_1\source5_1_014\source5_1_014\vs2017-dll\release\lid.nativecodeanalysis.sarif
c:\users\figueral\documents\swmm-temp\packeteawag\packeteawag\source5_1_014\swmm51014_engine_1\swmm51014_engine_1\source5_1_014\source5_1_014\vs2017-dll\release\lid.nativecodeanalysis.xml
c:\users\figueral\documents\swmm-temp\packeteawag\packeteawag\source5_1_014\swmm51014_engine_1\swmm51014_engine_1\source5_1_014\source5_1_014\vs2017-dll\release\landuse.nativecodeanalysis.sarif
c:\users\figueral\documents\swmm-temp\packeteawag\packeteawag\source5_1_014\swmm51014_engine_1\swmm51014_engine_1\source5_1_014\source5_1_014\vs2017-dll\release\landuse.nativecodeanalysis.xml
c:\users\figueral\documents\swmm-temp\packeteawag\packeteawag\source5_1_014\swmm51014_engine_1\swmm51014_engine_1\source5_1_014\source5_1_014\vs2017-dll\release\kinwave.nativecodeanalysis.sarif
c:\users\figueral\documents\swmm-temp\packeteawag\packeteawag\source5_1_014\swmm51014_engine_1\swmm51014_engine_1\source5_1_014\source5_1_014\vs2017-dll\release\kinwave.nativecodeanalysis.xml
c:\users\figueral\documents\swmm-temp\packeteawag\packeteawag\source5_1_014\swmm51014_engine_1\swmm51014_engine_1\source5_1_014\source5_1_014\vs2017-dll\release\keywords.nativecodeanalysis.sarif
c:\users\figueral\documents\swmm-temp\packeteawag\packeteawag\source5_1_014\swmm51014_engine_1\swmm51014_engine_1\source5_1_014\source5_1_014\vs2017-dll\release\keywords.nativecodeanalysis.xml
c:\users\figueral\documents\swmm-temp\packeteawag\packeteawag\source5_1_014\swmm51014_engine_1\swmm51014_engine_1\source5_1_014\source5_1_014\vs2017-dll\release\inputrpt.nativecodeanalysis.sarif
c:\users\figueral\documents\swmm-temp\packeteawag\packeteawag\source5_1_014\swmm51014_engine_1\swmm51014_engine_1\source5_1_014\source5_1_014\vs2017-dll\release\inputrpt.nativecodeanalysis.xml
c:\users\figueral\documents\swmm-temp\packeteawag\packeteawag\source5_1_014\swmm51014_engine_1\swmm51014_engine_1\source5_1_014\source5_1_014\vs2017-dll\release\inputrpt.obj
c:\users\figueral\documents\swmm-temp\packeteawag\packeteawag\source5_1_014\swmm51014_engine_1\swmm51014_engine_1\source5_1_014\source5_1_014\vs2017-dll\release\keywords.obj
c:\users\figueral\documents\swmm-temp\packeteawag\packeteawag\source5_1_014\swmm51014_engine_1\swmm51014_engine_1\source5_1_014\source5_1_014\vs2017-dll\release\kinwave.obj
c:\users\figueral\documents\swmm-temp\packeteawag\packeteawag\source5_1_014\swmm51014_engine_1\swmm51014_engine_1\source5_1_014\source5_1_014\vs2017-dll\release\landuse.obj
c:\users\figueral\documents\swmm-temp\packeteawag\packeteawag\source5_1_014\swmm51014_engine_1\swmm51014_engine_1\source5_1_014\source5_1_014\vs2017-dll\release\lid.obj
c:\users\figueral\documents\swmm-temp\packeteawag\packeteawag\source5_1_014\swmm51014_engine_1\swmm51014_engine_1\source5_1_014\source5_1_014\vs2017-dll\release\lidproc.obj
c:\users\figueral\documents\swmm-temp\packeteawag\packeteawag\source5_1_014\swmm51014_engine_1\swmm51014_engine_1\source5_1_014\source5_1_014\vs2017-dll\release\link.obj
c:\users\figueral\documents\swmm-temp\packeteawag\packeteawag\source5_1_014\swmm51014_engine_1\swmm51014_engine_1\source5_1_014\source5_1_014\vs2017-dll\release\massbal.obj
c:\users\figueral\documents\swmm-temp\packeteawag\packeteawag\source5_1_014\swmm51014_engine_1\swmm51014_engine_1\source5_1_014\source5_1_014\vs2017-dll\release\mathexpr.obj
c:\users\figueral\documents\swmm-temp\packeteawag\packeteawag\source5_1_014\swmm51014_engine_1\swmm51014_engine_1\source5_1_014\source5_1_014\vs2017-dll\release\mempool.obj
c:\users\figueral\documents\swmm-temp\packeteawag\packeteawag\source5_1_014\swmm51014_engine_1\swmm51014_engine_1\source5_1_014\source5_1_014\vs2017-dll\release\node.obj
c:\users\figueral\documents\swmm-temp\packeteawag\packeteawag\source5_1_014\swmm51014_engine_1\swmm51014_engine_1\source5_1_014\source5_1_014\vs2017-dll\release\odesolve.obj
c:\users\figueral\documents\swmm-temp\packeteawag\packeteawag\source5_1_014\swmm51014_engine_1\swmm51014_engine_1\source5_1_014\source5_1_014\vs2017-dll\release\output.obj
c:\users\figueral\documents\swmm-temp\packeteawag\packeteawag\source5_1_014\swmm51014_engine_1\swmm51014_engine_1\source5_1_014\source5_1_014\vs2017-dll\release\project.obj
c:\users\figueral\documents\swmm-temp\packeteawag\packeteawag\source5_1_014\swmm51014_engine_1\swmm51014_engine_1\source5_1_014\source5_1_014\vs2017-dll\release\qualrout.obj
c:\users\figueral\documents\swmm-temp\packeteawag\packeteawag\source5_1_014\swmm51014_engine_1\swmm51014_engine_1\source5_1_014\source5_1_014\vs2017-dll\release\rain.obj
c:\users\figueral\documents\swmm-temp\packeteawag\packeteawag\source5_1_014\swmm51014_engine_1\swmm51014_engine_1\source5_1_014\source5_1_014\vs2017-dll\release\rdii.obj
c:\users\figueral\documents\swmm-temp\packeteawag\packeteawag\source5_1_014\swmm51014_engine_1\swmm51014_engine_1\source5_1_014\source5_1_014\vs2017-dll\release\report.obj
c:\users\figueral\documents\swmm-temp\packeteawag\packeteawag\source5_1_014\swmm51014_engine_1\swmm51014_engine_1\source5_1_014\source5_1_014\vs2017-dll\release\roadway.obj
c:\users\figueral\documents\swmm-temp\packeteawag\packeteawag\source5_1_014\swmm51014_engine_1\swmm51014_engine_1\source5_1_014\source5_1_014\vs2017-dll\release\routing.obj
c:\users\figueral\documents\swmm-temp\packeteawag\packeteawag\source5_1_014\swmm51014_engine_1\swmm51014_engine_1\source5_1_014\source5_1_014\vs2017-dll\release\xsect.nativecodeanalysis.sarif
c:\users\figueral\documents\swmm-temp\packeteawag\packeteawag\source5_1_014\swmm51014_engine_1\swmm51014_engine_1\source5_1_014\source5_1_014\vs2017-dll\release\xsect.nativecodeanalysis.xml
c:\users\figueral\documents\swmm-temp\packeteawag\packeteawag\source5_1_014\swmm51014_engine_1\swmm51014_engine_1\source5_1_014\source5_1_014\vs2017-dll\release\treatmnt.nativecodeanalysis.sarif
c:\users\figueral\documents\swmm-temp\packeteawag\packeteawag\source5_1_014\swmm51014_engine_1\swmm51014_engine_1\source5_1_014\source5_1_014\vs2017-dll\release\treatmnt.nativecodeanalysis.xml
c:\users\figueral\documents\swmm-temp\packeteawag\packeteawag\source5_1_014\swmm51014_engine_1\swmm51014_engine_1\source5_1_014\source5_1_014\vs2017-dll\release\transect.nativecodeanalysis.sarif
c:\users\figueral\documents\swmm-temp\packeteawag\packeteawag\source5_1_014\swmm51014_engine_1\swmm51014_engine_1\source5_1_014\source5_1_014\vs2017-dll\release\transect.nativecodeanalysis.xml
c:\users\figueral\documents\swmm-temp\packeteawag\packeteawag\source5_1_014\swmm51014_engine_1\swmm51014_engine_1\source5_1_014\source5_1_014\vs2017-dll\release\toposort.nativecodeanalysis.sarif
c:\users\figueral\documents\swmm-temp\packeteawag\packeteawag\source5_1_014\swmm51014_engine_1\swmm51014_engine_1\source5_1_014\source5_1_014\vs2017-dll\release\toposort.nativecodeanalysis.xml
c:\users\figueral\documents\swmm-temp\packeteawag\packeteawag\source5_1_014\swmm51014_engine_1\swmm51014_engine_1\source5_1_014\source5_1_014\vs2017-dll\release\table.nativecodeanalysis.sarif
c:\users\figueral\documents\swmm-temp\packeteawag\packeteawag\source5_1_014\swmm51014_engine_1\swmm51014_engine_1\source5_1_014\source5_1_014\vs2017-dll\release\table.nativecodeanalysis.xml
c:\users\figueral\documents\swmm-temp\packeteawag\packeteawag\source5_1_014\swmm51014_engine_1\swmm51014_engine_1\source5_1_014\source5_1_014\vs2017-dll\release\swmm5.nativecodeanalysis.sarif
c:\users\figueral\documents\swmm-temp\packeteawag\packeteawag\source5_1_014\swmm51014_engine_1\swmm51014_engine_1\source5_1_014\source5_1_014\vs2017-dll\release\swmm5.nativecodeanalysis.xml
c:\users\figueral\documents\swmm-temp\packeteawag\packeteawag\source5_1_014\swmm51014_engine_1\swmm51014_engine_1\source5_1_014\source5_1_014\vs2017-dll\release\surfqual.nativecodeanalysis.sarif
c:\users\figueral\documents\swmm-temp\packeteawag\packeteawag\source5_1_014\swmm51014_engine_1\swmm51014_engine_1\source5_1_014\source5_1_014\vs2017-dll\release\surfqual.nativecodeanalysis.xml
c:\users\figueral\documents\swmm-temp\packeteawag\packeteawag\source5_1_014\swmm51014_engine_1\swmm51014_engine_1\source5_1_014\source5_1_014\vs2017-dll\release\subcatch.nativecodeanalysis.sarif
c:\users\figueral\documents\swmm-temp\packeteawag\packeteawag\source5_1_014\swmm51014_engine_1\swmm51014_engine_1\source5_1_014\source5_1_014\vs2017-dll\release\subcatch.nativecodeanalysis.xml
c:\users\figueral\documents\swmm-temp\packeteawag\packeteawag\source5_1_014\swmm51014_engine_1\swmm51014_engine_1\source5_1_014\source5_1_014\vs2017-dll\release\statsrpt.nativecodeanalysis.sarif
c:\users\figueral\documents\swmm-temp\packeteawag\packeteawag\source5_1_014\swmm51014_engine_1\swmm51014_engine_1\source5_1_014\source5_1_014\vs2017-dll\release\statsrpt.nativecodeanalysis.xml
c:\users\figueral\documents\swmm-temp\packeteawag\packeteawag\source5_1_014\swmm51014_engine_1\swmm51014_engine_1\source5_1_014\source5_1_014\vs2017-dll\release\stats.nativecodeanalysis.sarif
c:\users\figueral\documents\swmm-temp\packeteawag\packeteawag\source5_1_014\swmm51014_engine_1\swmm51014_engine_1\source5_1_014\source5_1_014\vs2017-dll\release\stats.nativecodeanalysis.xml
c:\users\figueral\documents\swmm-temp\packeteawag\packeteawag\source5_1_014\swmm51014_engine_1\swmm51014_engine_1\source5_1_014\source5_1_014\vs2017-dll\release\snow.nativecodeanalysis.sarif
c:\users\figueral\documents\swmm-temp\packeteawag\packeteawag\source5_1_014\swmm51014_engine_1\swmm51014_engine_1\source5_1_014\source5_1_014\vs2017-dll\release\snow.nativecodeanalysis.xml
c:\users\figueral\documents\swmm-temp\packeteawag\packeteawag\source5_1_014\swmm51014_engine_1\swmm51014_engine_1\source5_1_014\source5_1_014\vs2017-dll\release\shape.nativecodeanalysis.sarif
c:\users\figueral\documents\swmm-temp\packeteawag\packeteawag\source5_1_014\swmm51014_engine_1\swmm51014_engine_1\source5_1_014\source5_1_014\vs2017-dll\release\shape.nativecodeanalysis.xml
c:\users\figueral\documents\swmm-temp\packeteawag\packeteawag\source5_1_014\swmm51014_engine_1\swmm51014_engine_1\source5_1_014\source5_1_014\vs2017-dll\release\runoff.nativecodeanalysis.sarif
c:\users\figueral\documents\swmm-temp\packeteawag\packeteawag\source5_1_014\swmm51014_engine_1\swmm51014_engine_1\source5_1_014\source5_1_014\vs2017-dll\release\runoff.nativecodeanalysis.xml
c:\users\figueral\documents\swmm-temp\packeteawag\packeteawag\source5_1_014\swmm51014_engine_1\swmm51014_engine_1\source5_1_014\source5_1_014\vs2017-dll\release\runoff.obj
c:\users\figueral\documents\swmm-temp\packeteawag\packeteawag\source5_1_014\swmm51014_engine_1\swmm51014_engine_1\source5_1_014\source5_1_014\vs2017-dll\release\shape.obj
c:\users\figueral\documents\swmm-temp\packeteawag\packeteawag\source5_1_014\swmm51014_engine_1\swmm51014_engine_1\source5_1_014\source5_1_014\vs2017-dll\release\snow.obj
c:\users\figueral\documents\swmm-temp\packeteawag\packeteawag\source5_1_014\swmm51014_engine_1\swmm51014_engine_1\source5_1_014\source5_1_014\vs2017-dll\release\stats.obj
c:\users\figueral\documents\swmm-temp\packeteawag\packeteawag\source5_1_014\swmm51014_engine_1\swmm51014_engine_1\source5_1_014\source5_1_014\vs2017-dll\release\statsrpt.obj
c:\users\figueral\documents\swmm-temp\packeteawag\packeteawag\source5_1_014\swmm51014_engine_1\swmm51014_engine_1\source5_1_014\source5_1_014\vs2017-dll\release\subcatch.obj
c:\users\figueral\documents\swmm-temp\packeteawag\packeteawag\source5_1_014\swmm51014_engine_1\swmm51014_engine_1\source5_1_014\source5_1_014\vs2017-dll\release\surfqual.obj
c:\users\figueral\documents\swmm-temp\packeteawag\packeteawag\source5_1_014\swmm51014_engine_1\swmm51014_engine_1\source5_1_014\source5_1_014\vs2017-dll\release\swmm5.obj
c:\users\figueral\documents\swmm-temp\packeteawag\packeteawag\source5_1_014\swmm51014_engine_1\swmm51014_engine_1\source5_1_014\source5_1_014\vs2017-dll\release\table.obj
c:\users\figueral\documents\swmm-temp\packeteawag\packeteawag\source5_1_014\swmm51014_engine_1\swmm51014_engine_1\source5_1_014\source5_1_014\vs2017-dll\release\toposort.obj
c:\users\figueral\documents\swmm-temp\packeteawag\packeteawag\source5_1_014\swmm51014_engine_1\swmm51014_engine_1\source5_1_014\source5_1_014\vs2017-dll\release\transect.obj
c:\users\figueral\documents\swmm-temp\packeteawag\packeteawag\source5_1_014\swmm51014_engine_1\swmm51014_engine_1\source5_1_014\source5_1_014\vs2017-dll\release\treatmnt.obj
c:\users\figueral\documents\swmm-temp\packeteawag\packeteawag\source5_1_014\swmm51014_engine_1\swmm51014_engine_1\source5_1_014\source5_1_014\vs2017-dll\release\xsect.obj
c:\users\figueral\documents\swmm-temp\packeteawag\packeteawag\source5_1_014\swmm51014_engine_1\swmm51014_engine_1\source5_1_014\source5_1_014\vs2017-dll\release\swmm5.dll
c:\users\figueral\documents\swmm-temp\packeteawag\packeteawag\source5_1_014\swmm51014_engine_1\swmm51014_engine_1\source5_1_014\source5_1_014\vs2017-dll\release\swmm5.pdb
c:\users\figueral\documents\swmm-temp\packeteawag\packeteawag\source5_1_014\swmm51014_engine_1\swmm51014_engine_1\source5_1_014\source5_1_014\vs2017-dll\release\swmm5.lib
c:\users\figueral\documents\swmm-temp\packeteawag\packeteawag\source5_1_014\swmm51014_engine_1\swmm51014_engine_1\source5_1_014\source5_1_014\vs2017-dll\release\swmm5.exp
c:\users\figueral\documents\swmm-temp\packeteawag\packeteawag\source5_1_014\swmm51014_engine_1\swmm51014_engine_1\source5_1_014\source5_1_014\vs2017-dll\release\swmm5.ipdb
c:\users\figueral\documents\swmm-temp\packeteawag\packeteawag\source5_1_014\swmm51014_engine_1\swmm51014_engine_1\source5_1_014\source5_1_014\vs2017-dll\release\swmm5.iobj
c:\users\figueral\documents\swmm-temp\packeteawag\packeteawag\source5_1_014\swmm51014_engine_1\swmm51014_engine_1\source5_1_014\source5_1_014\vs2017-dll\release\vc.nativecodeanalysis.all.xml
c:\users\figueral\documents\swmm-temp\packeteawag\packeteawag\source5_1_014\swmm51014_engine_1\swmm51014_engine_1\source5_1_014\source5_1_014\vs2017-dll\release\vs2017-dll.tlog\cl.command.1.tlog
c:\users\figueral\documents\swmm-temp\packeteawag\packeteawag\source5_1_014\swmm51014_engine_1\swmm51014_engine_1\source5_1_014\source5_1_014\vs2017-dll\release\vs2017-dll.tlog\cl.read.1.tlog
c:\users\figueral\documents\swmm-temp\packeteawag\packeteawag\source5_1_014\swmm51014_engine_1\swmm51014_engine_1\source5_1_014\source5_1_014\vs2017-dll\release\vs2017-dll.tlog\cl.write.1.tlog
c:\users\figueral\documents\swmm-temp\packeteawag\packeteawag\source5_1_014\swmm51014_engine_1\swmm51014_engine_1\source5_1_014\source5_1_014\vs2017-dll\release\vs2017-dll.tlog\link.command.1.tlog
c:\users\figueral\documents\swmm-temp\packeteawag\packeteawag\source5_1_014\swmm51014_engine_1\swmm51014_engine_1\source5_1_014\source5_1_014\vs2017-dll\release\vs2017-dll.tlog\link.read.1.tlog
c:\users\figueral\documents\swmm-temp\packeteawag\packeteawag\source5_1_014\swmm51014_engine_1\swmm51014_engine_1\source5_1_014\source5_1_014\vs2017-dll\release\vs2017-dll.tlog\link.write.1.tlog
c:\users\figueral\documents\swmm-temp\packeteawag\packeteawag\source5_1_014\swmm51014_engine_1\swmm51014_engine_1\source5_1_014\source5_1_014\vs2017-dll\release\vs2017-dll.tlog\vs2017-dll.write.1u.tlog
