c:\users\figueral\documents\swmm-temp\packeteawag\packeteawag\source5_1_014\swmm51014_engine_1\swmm51014_engine_1\eawag-swmm_temp\src\vs2017-dll\debug\vc142.pdb
c:\users\figueral\documents\swmm-temp\packeteawag\packeteawag\source5_1_014\swmm51014_engine_1\swmm51014_engine_1\eawag-swmm_temp\src\vs2017-dll\debug\vc142.idb
c:\users\figueral\documents\swmm-temp\packeteawag\packeteawag\source5_1_014\swmm51014_engine_1\swmm51014_engine_1\eawag-swmm_temp\src\vs2017-dll\debug\input.obj
c:\users\figueral\documents\swmm-temp\packeteawag\packeteawag\source5_1_014\swmm51014_engine_1\swmm51014_engine_1\eawag-swmm_temp\src\vs2017-dll\debug\inflow.obj
c:\users\figueral\documents\swmm-temp\packeteawag\packeteawag\source5_1_014\swmm51014_engine_1\swmm51014_engine_1\eawag-swmm_temp\src\vs2017-dll\debug\infil.obj
c:\users\figueral\documents\swmm-temp\packeteawag\packeteawag\source5_1_014\swmm51014_engine_1\swmm51014_engine_1\eawag-swmm_temp\src\vs2017-dll\debug\iface.obj
c:\users\figueral\documents\swmm-temp\packeteawag\packeteawag\source5_1_014\swmm51014_engine_1\swmm51014_engine_1\eawag-swmm_temp\src\vs2017-dll\debug\hotstart.obj
c:\users\figueral\documents\swmm-temp\packeteawag\packeteawag\source5_1_014\swmm51014_engine_1\swmm51014_engine_1\eawag-swmm_temp\src\vs2017-dll\debug\hash.obj
c:\users\figueral\documents\swmm-temp\packeteawag\packeteawag\source5_1_014\swmm51014_engine_1\swmm51014_engine_1\eawag-swmm_temp\src\vs2017-dll\debug\gwater.obj
c:\users\figueral\documents\swmm-temp\packeteawag\packeteawag\source5_1_014\swmm51014_engine_1\swmm51014_engine_1\eawag-swmm_temp\src\vs2017-dll\debug\gage.obj
c:\users\figueral\documents\swmm-temp\packeteawag\packeteawag\source5_1_014\swmm51014_engine_1\swmm51014_engine_1\eawag-swmm_temp\src\vs2017-dll\debug\forcmain.obj
c:\users\figueral\documents\swmm-temp\packeteawag\packeteawag\source5_1_014\swmm51014_engine_1\swmm51014_engine_1\eawag-swmm_temp\src\vs2017-dll\debug\flowrout.obj
c:\users\figueral\documents\swmm-temp\packeteawag\packeteawag\source5_1_014\swmm51014_engine_1\swmm51014_engine_1\eawag-swmm_temp\src\vs2017-dll\debug\findroot.obj
c:\users\figueral\documents\swmm-temp\packeteawag\packeteawag\source5_1_014\swmm51014_engine_1\swmm51014_engine_1\eawag-swmm_temp\src\vs2017-dll\debug\exfil.obj
c:\users\figueral\documents\swmm-temp\packeteawag\packeteawag\source5_1_014\swmm51014_engine_1\swmm51014_engine_1\eawag-swmm_temp\src\vs2017-dll\debug\error.obj
c:\users\figueral\documents\swmm-temp\packeteawag\packeteawag\source5_1_014\swmm51014_engine_1\swmm51014_engine_1\eawag-swmm_temp\src\vs2017-dll\debug\dynwave.obj
c:\users\figueral\documents\swmm-temp\packeteawag\packeteawag\source5_1_014\swmm51014_engine_1\swmm51014_engine_1\eawag-swmm_temp\src\vs2017-dll\debug\dwflow.obj
c:\users\figueral\documents\swmm-temp\packeteawag\packeteawag\source5_1_014\swmm51014_engine_1\swmm51014_engine_1\eawag-swmm_temp\src\vs2017-dll\debug\datetime.obj
c:\users\figueral\documents\swmm-temp\packeteawag\packeteawag\source5_1_014\swmm51014_engine_1\swmm51014_engine_1\eawag-swmm_temp\src\vs2017-dll\debug\culvert.obj
c:\users\figueral\documents\swmm-temp\packeteawag\packeteawag\source5_1_014\swmm51014_engine_1\swmm51014_engine_1\eawag-swmm_temp\src\vs2017-dll\debug\controls.obj
c:\users\figueral\documents\swmm-temp\packeteawag\packeteawag\source5_1_014\swmm51014_engine_1\swmm51014_engine_1\eawag-swmm_temp\src\vs2017-dll\debug\climate.obj
c:\users\figueral\documents\swmm-temp\packeteawag\packeteawag\source5_1_014\swmm51014_engine_1\swmm51014_engine_1\eawag-swmm_temp\src\vs2017-dll\debug\asciioutput.obj
c:\users\figueral\documents\swmm-temp\packeteawag\packeteawag\source5_1_014\swmm51014_engine_1\swmm51014_engine_1\eawag-swmm_temp\src\vs2017-dll\debug\routing.obj
c:\users\figueral\documents\swmm-temp\packeteawag\packeteawag\source5_1_014\swmm51014_engine_1\swmm51014_engine_1\eawag-swmm_temp\src\vs2017-dll\debug\roadway.obj
c:\users\figueral\documents\swmm-temp\packeteawag\packeteawag\source5_1_014\swmm51014_engine_1\swmm51014_engine_1\eawag-swmm_temp\src\vs2017-dll\debug\report.obj
c:\users\figueral\documents\swmm-temp\packeteawag\packeteawag\source5_1_014\swmm51014_engine_1\swmm51014_engine_1\eawag-swmm_temp\src\vs2017-dll\debug\rdii.obj
c:\users\figueral\documents\swmm-temp\packeteawag\packeteawag\source5_1_014\swmm51014_engine_1\swmm51014_engine_1\eawag-swmm_temp\src\vs2017-dll\debug\rain.obj
c:\users\figueral\documents\swmm-temp\packeteawag\packeteawag\source5_1_014\swmm51014_engine_1\swmm51014_engine_1\eawag-swmm_temp\src\vs2017-dll\debug\qualrout.obj
c:\users\figueral\documents\swmm-temp\packeteawag\packeteawag\source5_1_014\swmm51014_engine_1\swmm51014_engine_1\eawag-swmm_temp\src\vs2017-dll\debug\project.obj
c:\users\figueral\documents\swmm-temp\packeteawag\packeteawag\source5_1_014\swmm51014_engine_1\swmm51014_engine_1\eawag-swmm_temp\src\vs2017-dll\debug\output.obj
c:\users\figueral\documents\swmm-temp\packeteawag\packeteawag\source5_1_014\swmm51014_engine_1\swmm51014_engine_1\eawag-swmm_temp\src\vs2017-dll\debug\odesolve.obj
c:\users\figueral\documents\swmm-temp\packeteawag\packeteawag\source5_1_014\swmm51014_engine_1\swmm51014_engine_1\eawag-swmm_temp\src\vs2017-dll\debug\node.obj
c:\users\figueral\documents\swmm-temp\packeteawag\packeteawag\source5_1_014\swmm51014_engine_1\swmm51014_engine_1\eawag-swmm_temp\src\vs2017-dll\debug\mempool.obj
c:\users\figueral\documents\swmm-temp\packeteawag\packeteawag\source5_1_014\swmm51014_engine_1\swmm51014_engine_1\eawag-swmm_temp\src\vs2017-dll\debug\mathexpr.obj
c:\users\figueral\documents\swmm-temp\packeteawag\packeteawag\source5_1_014\swmm51014_engine_1\swmm51014_engine_1\eawag-swmm_temp\src\vs2017-dll\debug\massbal.obj
c:\users\figueral\documents\swmm-temp\packeteawag\packeteawag\source5_1_014\swmm51014_engine_1\swmm51014_engine_1\eawag-swmm_temp\src\vs2017-dll\debug\link.obj
c:\users\figueral\documents\swmm-temp\packeteawag\packeteawag\source5_1_014\swmm51014_engine_1\swmm51014_engine_1\eawag-swmm_temp\src\vs2017-dll\debug\lidproc.obj
c:\users\figueral\documents\swmm-temp\packeteawag\packeteawag\source5_1_014\swmm51014_engine_1\swmm51014_engine_1\eawag-swmm_temp\src\vs2017-dll\debug\lid.obj
c:\users\figueral\documents\swmm-temp\packeteawag\packeteawag\source5_1_014\swmm51014_engine_1\swmm51014_engine_1\eawag-swmm_temp\src\vs2017-dll\debug\landuse.obj
c:\users\figueral\documents\swmm-temp\packeteawag\packeteawag\source5_1_014\swmm51014_engine_1\swmm51014_engine_1\eawag-swmm_temp\src\vs2017-dll\debug\kinwave.obj
c:\users\figueral\documents\swmm-temp\packeteawag\packeteawag\source5_1_014\swmm51014_engine_1\swmm51014_engine_1\eawag-swmm_temp\src\vs2017-dll\debug\keywords.obj
c:\users\figueral\documents\swmm-temp\packeteawag\packeteawag\source5_1_014\swmm51014_engine_1\swmm51014_engine_1\eawag-swmm_temp\src\vs2017-dll\debug\inputrpt.obj
c:\users\figueral\documents\swmm-temp\packeteawag\packeteawag\source5_1_014\swmm51014_engine_1\swmm51014_engine_1\eawag-swmm_temp\src\vs2017-dll\debug\xsect.obj
c:\users\figueral\documents\swmm-temp\packeteawag\packeteawag\source5_1_014\swmm51014_engine_1\swmm51014_engine_1\eawag-swmm_temp\src\vs2017-dll\debug\treatmnt.obj
c:\users\figueral\documents\swmm-temp\packeteawag\packeteawag\source5_1_014\swmm51014_engine_1\swmm51014_engine_1\eawag-swmm_temp\src\vs2017-dll\debug\transect.obj
c:\users\figueral\documents\swmm-temp\packeteawag\packeteawag\source5_1_014\swmm51014_engine_1\swmm51014_engine_1\eawag-swmm_temp\src\vs2017-dll\debug\toposort.obj
c:\users\figueral\documents\swmm-temp\packeteawag\packeteawag\source5_1_014\swmm51014_engine_1\swmm51014_engine_1\eawag-swmm_temp\src\vs2017-dll\debug\temperature.obj
c:\users\figueral\documents\swmm-temp\packeteawag\packeteawag\source5_1_014\swmm51014_engine_1\swmm51014_engine_1\eawag-swmm_temp\src\vs2017-dll\debug\table.obj
c:\users\figueral\documents\swmm-temp\packeteawag\packeteawag\source5_1_014\swmm51014_engine_1\swmm51014_engine_1\eawag-swmm_temp\src\vs2017-dll\debug\swmm5.obj
c:\users\figueral\documents\swmm-temp\packeteawag\packeteawag\source5_1_014\swmm51014_engine_1\swmm51014_engine_1\eawag-swmm_temp\src\vs2017-dll\debug\surfqual.obj
c:\users\figueral\documents\swmm-temp\packeteawag\packeteawag\source5_1_014\swmm51014_engine_1\swmm51014_engine_1\eawag-swmm_temp\src\vs2017-dll\debug\subcatch.obj
c:\users\figueral\documents\swmm-temp\packeteawag\packeteawag\source5_1_014\swmm51014_engine_1\swmm51014_engine_1\eawag-swmm_temp\src\vs2017-dll\debug\statsrpt.obj
c:\users\figueral\documents\swmm-temp\packeteawag\packeteawag\source5_1_014\swmm51014_engine_1\swmm51014_engine_1\eawag-swmm_temp\src\vs2017-dll\debug\stats.obj
c:\users\figueral\documents\swmm-temp\packeteawag\packeteawag\source5_1_014\swmm51014_engine_1\swmm51014_engine_1\eawag-swmm_temp\src\vs2017-dll\debug\snow.obj
c:\users\figueral\documents\swmm-temp\packeteawag\packeteawag\source5_1_014\swmm51014_engine_1\swmm51014_engine_1\eawag-swmm_temp\src\vs2017-dll\debug\shape.obj
c:\users\figueral\documents\swmm-temp\packeteawag\packeteawag\source5_1_014\swmm51014_engine_1\swmm51014_engine_1\eawag-swmm_temp\src\vs2017-dll\debug\runoff.obj
c:\users\figueral\documents\swmm-temp\packeteawag\packeteawag\source5_1_014\swmm51014_engine_1\swmm51014_engine_1\eawag-swmm_temp\build\debug\swmm5.dll
c:\users\figueral\documents\swmm-temp\packeteawag\packeteawag\source5_1_014\swmm51014_engine_1\swmm51014_engine_1\eawag-swmm_temp\build\debug\swmm5.pdb
c:\users\figueral\documents\swmm-temp\packeteawag\packeteawag\source5_1_014\swmm51014_engine_1\swmm51014_engine_1\eawag-swmm_temp\build\debug\swmm5.lib
c:\users\figueral\documents\swmm-temp\packeteawag\packeteawag\source5_1_014\swmm51014_engine_1\swmm51014_engine_1\eawag-swmm_temp\build\debug\swmm5.exp
c:\users\figueral\documents\swmm-temp\packeteawag\packeteawag\source5_1_014\swmm51014_engine_1\swmm51014_engine_1\eawag-swmm_temp\src\vs2017-dll\..\..\build\debug\swmm5.dll
c:\users\figueral\documents\swmm-temp\packeteawag\packeteawag\source5_1_014\swmm51014_engine_1\swmm51014_engine_1\eawag-swmm_temp\src\vs2017-dll\debug\vs2017-dll.tlog\cl.command.1.tlog
c:\users\figueral\documents\swmm-temp\packeteawag\packeteawag\source5_1_014\swmm51014_engine_1\swmm51014_engine_1\eawag-swmm_temp\src\vs2017-dll\debug\vs2017-dll.tlog\cl.read.1.tlog
c:\users\figueral\documents\swmm-temp\packeteawag\packeteawag\source5_1_014\swmm51014_engine_1\swmm51014_engine_1\eawag-swmm_temp\src\vs2017-dll\debug\vs2017-dll.tlog\cl.write.1.tlog
c:\users\figueral\documents\swmm-temp\packeteawag\packeteawag\source5_1_014\swmm51014_engine_1\swmm51014_engine_1\eawag-swmm_temp\src\vs2017-dll\debug\vs2017-dll.tlog\link.command.1.tlog
c:\users\figueral\documents\swmm-temp\packeteawag\packeteawag\source5_1_014\swmm51014_engine_1\swmm51014_engine_1\eawag-swmm_temp\src\vs2017-dll\debug\vs2017-dll.tlog\link.read.1.tlog
c:\users\figueral\documents\swmm-temp\packeteawag\packeteawag\source5_1_014\swmm51014_engine_1\swmm51014_engine_1\eawag-swmm_temp\src\vs2017-dll\debug\vs2017-dll.tlog\link.write.1.tlog
c:\users\figueral\documents\swmm-temp\packeteawag\packeteawag\source5_1_014\swmm51014_engine_1\swmm51014_engine_1\eawag-swmm_temp\src\vs2017-dll\debug\vs2017-dll.tlog\vs2017-dll.write.1u.tlog
