C:\Program Files (x86)\Microsoft Visual Studio\2019\Community\MSBuild\Microsoft\VC\v160\Microsoft.CppBuild.targets(453,5): warning MSB8004: Output Directory does not end with a trailing slash.  This build instance will add the slash as it is required to allow proper evaluation of the Output Directory.
  asciioutput.c
  climate.c
  controls.c
  culvert.c
  datetime.c
  dwflow.c
  dynwave.c
  error.c
  exfil.c
  findroot.c
  flowrout.c
  forcmain.c
  gage.c
  gwater.c
  hash.c
  hotstart.c
  iface.c
  infil.c
  inflow.c
  input.c
  Generating Code...
  Compiling...
  inputrpt.c
  keywords.c
  kinwave.c
  landuse.c
C:\Users\figueral\Documents\SWMM-TEMP\PacketEAWAG\PacketEAWAG\source5_1_014\swmm51014_engine_1\swmm51014_engine_1\eawag-swmm_temp\src\landuse.c(205,18): warning C4101: 'coFrac': unreferenced local variable
  lid.c
  lidproc.c
  link.c
  massbal.c
  mathexpr.c
  mempool.c
  node.c
  odesolve.c
  output.c
  project.c
  qualrout.c
C:\Users\figueral\Documents\SWMM-TEMP\PacketEAWAG\PacketEAWAG\source5_1_014\swmm51014_engine_1\swmm51014_engine_1\eawag-swmm_temp\src\qualrout.c(138,12): warning C4101: 'unitScale': unreferenced local variable
  rain.c
  rdii.c
  report.c
  roadway.c
  routing.c
  Generating Code...
  Compiling...
  runoff.c
  shape.c
C:\Users\figueral\Documents\SWMM-TEMP\PacketEAWAG\PacketEAWAG\source5_1_014\swmm51014_engine_1\swmm51014_engine_1\eawag-swmm_temp\src\shape.c(36,77): warning C4031: second formal parameter list longer than the first list
C:\Users\figueral\Documents\SWMM-TEMP\PacketEAWAG\PacketEAWAG\source5_1_014\swmm51014_engine_1\swmm51014_engine_1\eawag-swmm_temp\src\shape.c(36,77): warning C4028: formal parameter 1 different from declaration
  snow.c
  stats.c
  statsrpt.c
  subcatch.c
  surfqual.c
  swmm5.c
  table.c
  temperature.c
C:\Users\figueral\Documents\SWMM-TEMP\PacketEAWAG\PacketEAWAG\source5_1_014\swmm51014_engine_1\swmm51014_engine_1\eawag-swmm_temp\src\temperature.c(812,1): warning C4010: single-line comment contains line-continuation character
C:\Users\figueral\Documents\SWMM-TEMP\PacketEAWAG\PacketEAWAG\source5_1_014\swmm51014_engine_1\swmm51014_engine_1\eawag-swmm_temp\src\temperature.c(813,1): warning C4010: single-line comment contains line-continuation character
C:\Users\figueral\Documents\SWMM-TEMP\PacketEAWAG\PacketEAWAG\source5_1_014\swmm51014_engine_1\swmm51014_engine_1\eawag-swmm_temp\src\temperature.c(763,79): warning C4101: 'Rwa': unreferenced local variable
C:\Users\figueral\Documents\SWMM-TEMP\PacketEAWAG\PacketEAWAG\source5_1_014\swmm51014_engine_1\swmm51014_engine_1\eawag-swmm_temp\src\temperature.c(763,84): warning C4101: 'Rws': unreferenced local variable
C:\Users\figueral\Documents\SWMM-TEMP\PacketEAWAG\PacketEAWAG\source5_1_014\swmm51014_engine_1\swmm51014_engine_1\eawag-swmm_temp\src\temperature.c(763,58): warning C4101: 'volume': unreferenced local variable
C:\Users\figueral\Documents\SWMM-TEMP\PacketEAWAG\PacketEAWAG\source5_1_014\swmm51014_engine_1\swmm51014_engine_1\eawag-swmm_temp\src\temperature.c(763,74): warning C4101: 'hwa': unreferenced local variable
C:\Users\figueral\Documents\SWMM-TEMP\PacketEAWAG\PacketEAWAG\source5_1_014\swmm51014_engine_1\swmm51014_engine_1\eawag-swmm_temp\src\temperature.c(913,1): warning C4010: single-line comment contains line-continuation character
C:\Users\figueral\Documents\SWMM-TEMP\PacketEAWAG\PacketEAWAG\source5_1_014\swmm51014_engine_1\swmm51014_engine_1\eawag-swmm_temp\src\temperature.c(914,1): warning C4010: single-line comment contains line-continuation character
C:\Users\figueral\Documents\SWMM-TEMP\PacketEAWAG\PacketEAWAG\source5_1_014\swmm51014_engine_1\swmm51014_engine_1\eawag-swmm_temp\src\temperature.c(863,79): warning C4101: 'Rwa': unreferenced local variable
C:\Users\figueral\Documents\SWMM-TEMP\PacketEAWAG\PacketEAWAG\source5_1_014\swmm51014_engine_1\swmm51014_engine_1\eawag-swmm_temp\src\temperature.c(863,84): warning C4101: 'Rws': unreferenced local variable
C:\Users\figueral\Documents\SWMM-TEMP\PacketEAWAG\PacketEAWAG\source5_1_014\swmm51014_engine_1\swmm51014_engine_1\eawag-swmm_temp\src\temperature.c(863,58): warning C4101: 'volume': unreferenced local variable
C:\Users\figueral\Documents\SWMM-TEMP\PacketEAWAG\PacketEAWAG\source5_1_014\swmm51014_engine_1\swmm51014_engine_1\eawag-swmm_temp\src\temperature.c(863,74): warning C4101: 'hwa': unreferenced local variable
C:\Users\figueral\Documents\SWMM-TEMP\PacketEAWAG\PacketEAWAG\source5_1_014\swmm51014_engine_1\swmm51014_engine_1\eawag-swmm_temp\src\temperature.c(1009,1): warning C4010: single-line comment contains line-continuation character
C:\Users\figueral\Documents\SWMM-TEMP\PacketEAWAG\PacketEAWAG\source5_1_014\swmm51014_engine_1\swmm51014_engine_1\eawag-swmm_temp\src\temperature.c(1010,1): warning C4010: single-line comment contains line-continuation character
C:\Users\figueral\Documents\SWMM-TEMP\PacketEAWAG\PacketEAWAG\source5_1_014\swmm51014_engine_1\swmm51014_engine_1\eawag-swmm_temp\src\temperature.c(963,58): warning C4101: 'Rwa': unreferenced local variable
C:\Users\figueral\Documents\SWMM-TEMP\PacketEAWAG\PacketEAWAG\source5_1_014\swmm51014_engine_1\swmm51014_engine_1\eawag-swmm_temp\src\temperature.c(963,53): warning C4101: 'hwa': unreferenced local variable
C:\Users\figueral\Documents\SWMM-TEMP\PacketEAWAG\PacketEAWAG\source5_1_014\swmm51014_engine_1\swmm51014_engine_1\eawag-swmm_temp\src\temperature.c(963,68): warning C4101: 'Ewa': unreferenced local variable
C:\Users\figueral\Documents\SWMM-TEMP\PacketEAWAG\PacketEAWAG\source5_1_014\swmm51014_engine_1\swmm51014_engine_1\eawag-swmm_temp\src\temperature.c(1097,1): warning C4010: single-line comment contains line-continuation character
C:\Users\figueral\Documents\SWMM-TEMP\PacketEAWAG\PacketEAWAG\source5_1_014\swmm51014_engine_1\swmm51014_engine_1\eawag-swmm_temp\src\temperature.c(1098,1): warning C4010: single-line comment contains line-continuation character
C:\Users\figueral\Documents\SWMM-TEMP\PacketEAWAG\PacketEAWAG\source5_1_014\swmm51014_engine_1\swmm51014_engine_1\eawag-swmm_temp\src\temperature.c(1045,58): warning C4101: 'Rwa': unreferenced local variable
C:\Users\figueral\Documents\SWMM-TEMP\PacketEAWAG\PacketEAWAG\source5_1_014\swmm51014_engine_1\swmm51014_engine_1\eawag-swmm_temp\src\temperature.c(1045,53): warning C4101: 'hwa': unreferenced local variable
C:\Users\figueral\Documents\SWMM-TEMP\PacketEAWAG\PacketEAWAG\source5_1_014\swmm51014_engine_1\swmm51014_engine_1\eawag-swmm_temp\src\temperature.c(1045,68): warning C4101: 'Ewa': unreferenced local variable
C:\Users\figueral\Documents\SWMM-TEMP\PacketEAWAG\PacketEAWAG\source5_1_014\swmm51014_engine_1\swmm51014_engine_1\eawag-swmm_temp\src\temperature.c(1049,19): warning C4101: 'airTemp': unreferenced local variable
  toposort.c
  transect.c
  treatmnt.c
  xsect.c
  Generating Code...
     Creating library ..\..\build\debug\swmm5.lib and object ..\..\build\debug\swmm5.exp
  LINK : /LTCG specified but no code generation required; remove /LTCG from the link command line to improve linker performance
  VS2017-DLL.vcxproj -> C:\Users\figueral\Documents\SWMM-TEMP\PacketEAWAG\PacketEAWAG\source5_1_014\swmm51014_engine_1\swmm51014_engine_1\eawag-swmm_temp\src\VS2017-DLL\..\..\build\debug\swmm5.dll
